0 info it worked if it ends with ok
1 verbose cli [ 'node', '/usr/local/bin/npm', 'install', 'http' ]
2 info using npm@1.2.14
3 info using node@v0.10.0
4 verbose read json /Code/last-colony/js/package.json
5 verbose read json /Code/last-colony/js/node_modules/colors/package.json
6 verbose read json /Code/last-colony/js/node_modules/express/package.json
7 verbose read json /Code/last-colony/js/node_modules/logger/package.json
8 verbose read json /Code/last-colony/js/node_modules/mongodb/package.json
9 verbose read json /Code/last-colony/js/node_modules/sanitizer/package.json
10 verbose read json /Code/last-colony/js/node_modules/socket.io/package.json
11 verbose read json /Code/last-colony/js/node_modules/underscore/package.json
12 verbose read json /Code/last-colony/js/node_modules/websocket/package.json
13 verbose read json /Code/last-colony/js/package.json
14 verbose cache add [ 'http', null ]
15 verbose cache add name=undefined spec="http" args=["http",null]
16 verbose parsed url { protocol: null,
16 verbose parsed url   slashes: null,
16 verbose parsed url   auth: null,
16 verbose parsed url   host: null,
16 verbose parsed url   port: null,
16 verbose parsed url   hostname: null,
16 verbose parsed url   hash: null,
16 verbose parsed url   search: null,
16 verbose parsed url   query: null,
16 verbose parsed url   pathname: 'http',
16 verbose parsed url   path: 'http',
16 verbose parsed url   href: 'http' }
17 silly lockFile 77b5f8e3-http http
18 verbose lock http /Users/scranley/.npm/77b5f8e3-http.lock
19 silly lockFile 77b5f8e3-http http
20 silly lockFile 77b5f8e3-http http
21 verbose addNamed [ 'http', '' ]
22 verbose addNamed [ null, '' ]
23 silly lockFile c1086ff9-http http@
24 verbose lock http@ /Users/scranley/.npm/c1086ff9-http.lock
25 silly addNameRange { name: 'http', range: '', hasData: false }
26 verbose url raw http
27 verbose url resolving [ 'https://registry.npmjs.org/', './http' ]
28 verbose url resolved https://registry.npmjs.org/http
29 info trying registry request attempt 1 at 14:25:53
30 http GET https://registry.npmjs.org/http
31 http 404 https://registry.npmjs.org/http
32 silly registry.get cb [ 404,
32 silly registry.get   { server: 'CouchDB/1.3.1 (Erlang OTP/R15B03)',
32 silly registry.get     date: 'Wed, 25 Sep 2013 21:25:58 GMT',
32 silly registry.get     'content-type': 'application/json',
32 silly registry.get     'content-length': '52',
32 silly registry.get     'cache-control': 'must-revalidate' } ]
33 silly lockFile c1086ff9-http http@
34 silly lockFile c1086ff9-http http@
35 error 404 'http' is not in the npm registry.
35 error 404 You should bug the author to publish it
35 error 404
35 error 404 Note that you can also install from a
35 error 404 tarball, folder, or http url, or git url.
36 error System Darwin 11.4.2
37 error command "node" "/usr/local/bin/npm" "install" "http"
38 error cwd /Code/last-colony/js
39 error node -v v0.10.0
40 error npm -v 1.2.14
41 error code E404
42 verbose exit [ 1, true ]
